

Microchip Technology PIC LITE Macro Assembler V1.44 build -154322312 
                                                                                               Tue Feb 01 14:12:08 2022

Microchip Technology Omniscient Code Generator v1.44 (Free mode) build 201709140600
     1                           	processor	16F628A
     2                           	opt	pw 120
     3                           	opt	lm
     4                           	psect	cinit,global,class=CODE,merge=1,delta=2
     5                           	psect	cstackCOMMON,global,class=COMMON,space=1,delta=1
     6                           	psect	maintext,global,class=CODE,split=1,delta=2
     7                           	psect	text1,local,class=CODE,merge=1,delta=2
     8                           	psect	text2,local,class=CODE,merge=1,delta=2
     9                           	psect	text3,local,class=CODE,merge=1,delta=2
    10                           	psect	text4,local,class=CODE,merge=1,delta=2
    11                           	psect	text5,local,class=CODE,merge=1,delta=2
    12                           	psect	text6,local,class=CODE,merge=1,delta=2
    13                           	dabs	1,0x7E,2
    14  0000                     
    15                           ; Version 1.44
    16                           ; Generated 14/09/2017 GMT
    17                           ; 
    18                           ; Copyright © 2017, Microchip Technology Inc. and its subsidiaries ("Microchip")
    19                           ; All rights reserved.
    20                           ; 
    21                           ; This software is developed by Microchip Technology Inc. and its subsidiaries ("Microch
      +                          ip").
    22                           ; 
    23                           ; Redistribution and use in source and binary forms, with or without modification, are
    24                           ; permitted provided that the following conditions are met:
    25                           ; 
    26                           ;     1. Redistributions of source code must retain the above copyright notice, this lis
      +                          t of
    27                           ;        conditions and the following disclaimer.
    28                           ; 
    29                           ;     2. Redistributions in binary form must reproduce the above copyright notice, this 
      +                          list
    30                           ;        of conditions and the following disclaimer in the documentation and/or other
    31                           ;        materials provided with the distribution.
    32                           ; 
    33                           ;     3. Microchip's name may not be used to endorse or promote products derived from th
      +                          is
    34                           ;        software without specific prior written permission.
    35                           ; 
    36                           ; THIS SOFTWARE IS PROVIDED BY MICROCHIP "AS IS" AND ANY EXPRESS OR IMPLIED WARRANTIES,
    37                           ; INCLUDING, BUT NOT LIMITED TO, THE IMPLIED WARRANTIES OF MERCHANTABILITY AND FITNESS F
      +                          OR
    38                           ; PURPOSE ARE DISCLAIMED.  IN NO EVENT SHALL MICROCHIP BE LIABLE FOR ANY DIRECT, INDIREC
      +                          T,
    39                           ; INCIDENTAL, SPECIAL, EXEMPLARY, OR CONSEQUENTIAL DAMAGES (INCLUDING BUT NOT LIMITED TO
    40                           ; PROCUREMENT OF SUBSTITUTE GOODS OR SERVICES; LOSS OF USE, DATA OR PROFITS; OR BUSINESS
    41                           ; INTERRUPTION) HOWSOEVER CAUSED AND ON ANY THEORY OF LIABILITY, WHETHER IN CONTRACT, ST
      +                          RICT
    42                           ; LIABILITY, OR TORT (INCLUDING NEGLIGENCE OR OTHERWISE) ARISING IN ANY WAY OUT OF THE U
      +                          SE OF
    43                           ; THIS SOFTWARE, EVEN IF ADVISED OF THE POSSIBILITY OF SUCH DAMAGE.
    44                           ; 
    45                           ; 
    46                           ; Code-generator required, PIC16F628A Definitions
    47                           ; 
    48                           ; SFR Addresses
    49  0000                     	;# 
    50  0001                     	;# 
    51  0002                     	;# 
    52  0003                     	;# 
    53  0004                     	;# 
    54  0005                     	;# 
    55  0006                     	;# 
    56  000A                     	;# 
    57  000B                     	;# 
    58  000C                     	;# 
    59  000E                     	;# 
    60  000E                     	;# 
    61  000F                     	;# 
    62  0010                     	;# 
    63  0011                     	;# 
    64  0012                     	;# 
    65  0015                     	;# 
    66  0015                     	;# 
    67  0016                     	;# 
    68  0017                     	;# 
    69  0018                     	;# 
    70  0019                     	;# 
    71  001A                     	;# 
    72  001F                     	;# 
    73  0081                     	;# 
    74  0085                     	;# 
    75  0086                     	;# 
    76  008C                     	;# 
    77  008E                     	;# 
    78  0092                     	;# 
    79  0098                     	;# 
    80  0099                     	;# 
    81  009A                     	;# 
    82  009B                     	;# 
    83  009C                     	;# 
    84  009D                     	;# 
    85  009F                     	;# 
    86  0000                     	;# 
    87  0001                     	;# 
    88  0002                     	;# 
    89  0003                     	;# 
    90  0004                     	;# 
    91  0005                     	;# 
    92  0006                     	;# 
    93  000A                     	;# 
    94  000B                     	;# 
    95  000C                     	;# 
    96  000E                     	;# 
    97  000E                     	;# 
    98  000F                     	;# 
    99  0010                     	;# 
   100  0011                     	;# 
   101  0012                     	;# 
   102  0015                     	;# 
   103  0015                     	;# 
   104  0016                     	;# 
   105  0017                     	;# 
   106  0018                     	;# 
   107  0019                     	;# 
   108  001A                     	;# 
   109  001F                     	;# 
   110  0081                     	;# 
   111  0085                     	;# 
   112  0086                     	;# 
   113  008C                     	;# 
   114  008E                     	;# 
   115  0092                     	;# 
   116  0098                     	;# 
   117  0099                     	;# 
   118  009A                     	;# 
   119  009B                     	;# 
   120  009C                     	;# 
   121  009D                     	;# 
   122  009F                     	;# 
   123  0015                     _CCPR1L	set	21
   124  0012                     _T2CONbits	set	18
   125  0017                     _CCP1CON	set	23
   126  0006                     _PORTBbits	set	6
   127  0092                     _PR2	set	146
   128  0433                     _TRISB3	set	1075
   129  0430                     _TRISB0	set	1072
   130                           
   131                           ; #config settings
   132  0000                     
   133                           	psect	cinit
   134  07FE                     start_initialization:	
   135  07FE                     __initialization:	
   136  07FE                     end_of_initialization:	
   137                           ;End of C runtime variable initialization code
   138                           
   139  07FE                     __end_of__initialization:	
   140  07FE  0183               	clrf	3
   141  07FF  2DD3               	ljmp	_main	;jump to C main() function
   142                           
   143                           	psect	cstackCOMMON
   144  0070                     __pcstackCOMMON:	
   145  0070                     ?_InitPWM:	
   146  0070                     ??_InitPWM:	
   147                           ; 1 bytes @ 0x0
   148                           
   149  0070                     ?_SetPWMDutyCycle:	
   150                           ; 1 bytes @ 0x0
   151                           
   152  0070                     ?_dash:	
   153                           ; 1 bytes @ 0x0
   154                           
   155  0070                     ??_dash:	
   156                           ; 1 bytes @ 0x0
   157                           
   158  0070                     ?_dot:	
   159                           ; 1 bytes @ 0x0
   160                           
   161  0070                     ??_dot:	
   162                           ; 1 bytes @ 0x0
   163                           
   164  0070                     ?_main:	
   165                           ; 1 bytes @ 0x0
   166                           
   167  0070                     ?_generateTone:	
   168                           ; 1 bytes @ 0x0
   169                           
   170  0070                     ??_generateTone:	
   171                           ; 1 bytes @ 0x0
   172                           
   173  0070                     ?_stopTone:	
   174                           ; 1 bytes @ 0x0
   175                           
   176  0070                     ??_stopTone:	
   177                           ; 1 bytes @ 0x0
   178                           
   179  0070                     SetPWMDutyCycle@DutyCycle:	
   180                           ; 1 bytes @ 0x0
   181                           
   182                           
   183                           ; 2 bytes @ 0x0
   184  0070                     	ds	2
   185  0072                     ??_SetPWMDutyCycle:	
   186                           
   187                           ; 1 bytes @ 0x2
   188  0072                     	ds	2
   189  0074                     ??_main:	
   190                           
   191                           ; 1 bytes @ 0x4
   192  0074                     	ds	3
   193                           
   194                           	psect	maintext
   195  05D3                     __pmaintext:	
   196 ;;
   197 ;;Main: autosize = 0, tempsize = 3, incstack = 0, save=0
   198 ;;
   199 ;; *************** function _main *****************
   200 ;; Defined at:
   201 ;;		line 19 in file "pwm_main.c"
   202 ;; Parameters:    Size  Location     Type
   203 ;;		None
   204 ;; Auto vars:     Size  Location     Type
   205 ;;		None
   206 ;; Return value:  Size  Location     Type
   207 ;;                  1    wreg      void 
   208 ;; Registers used:
   209 ;;		wreg, status,2, status,0, pclath, cstack
   210 ;; Tracked objects:
   211 ;;		On entry : B00/0
   212 ;;		On exit  : 0/0
   213 ;;		Unchanged: 0/0
   214 ;; Data sizes:     COMMON   BANK0   BANK1   BANK2
   215 ;;      Params:         0       0       0       0
   216 ;;      Locals:         0       0       0       0
   217 ;;      Temps:          3       0       0       0
   218 ;;      Totals:         3       0       0       0
   219 ;;Total ram usage:        3 bytes
   220 ;; Hardware stack levels required when called:    2
   221 ;; This function calls:
   222 ;;		_InitPWM
   223 ;;		_SetPWMDutyCycle
   224 ;;		_dash
   225 ;;		_dot
   226 ;; This function is called by:
   227 ;;		Startup code after reset
   228 ;; This function uses a non-reentrant model
   229 ;;
   230                           
   231                           
   232                           ;psect for function _main
   233  05D3                     _main:	
   234                           
   235                           ;pwm_main.c: 21: InitPWM();
   236                           
   237                           ;incstack = 0
   238                           ; Regs used in _main: [wreg+status,2+status,0+pclath+cstack]
   239  05D3  257F               	fcall	_InitPWM
   240                           
   241                           ;pwm_main.c: 22: SetPWMDutyCycle(10);
   242  05D4  300A               	movlw	10
   243  05D5  00F0               	movwf	SetPWMDutyCycle@DutyCycle
   244  05D6  3000               	movlw	0
   245  05D7  00F1               	movwf	SetPWMDutyCycle@DutyCycle+1
   246  05D8  25B2               	fcall	_SetPWMDutyCycle
   247                           
   248                           ;pwm_main.c: 25: TRISB0=0;
   249  05D9  1683               	bsf	3,5	;RP0=1, select bank1
   250  05DA  1303               	bcf	3,6	;RP1=0, select bank1
   251  05DB  1006               	bcf	6,0	;volatile
   252  05DC                     l19:	
   253                           ;pwm_main.c: 27: while(1)
   254                           
   255                           
   256                           ;pwm_main.c: 28: {
   257                           ;pwm_main.c: 32: dash();
   258  05DC  258F               	fcall	_dash
   259                           
   260                           ;pwm_main.c: 33: _delay((unsigned long)((150)*(4000000/4000.0)));
   261  05DD  30C3               	movlw	195
   262  05DE  00F5               	movwf	??_main+1
   263  05DF  30CD               	movlw	205
   264  05E0  00F4               	movwf	??_main
   265  05E1                     u37:	
   266  05E1  0BF4               	decfsz	??_main,f
   267  05E2  2DE1               	goto	u37
   268  05E3  0BF5               	decfsz	??_main+1,f
   269  05E4  2DE1               	goto	u37
   270                           
   271                           ;pwm_main.c: 34: dot();
   272  05E5  25A0               	fcall	_dot
   273                           
   274                           ;pwm_main.c: 35: _delay((unsigned long)((150)*(4000000/4000.0)));
   275  05E6  30C3               	movlw	195
   276  05E7  00F5               	movwf	??_main+1
   277  05E8  30CD               	movlw	205
   278  05E9  00F4               	movwf	??_main
   279  05EA                     u47:	
   280  05EA  0BF4               	decfsz	??_main,f
   281  05EB  2DEA               	goto	u47
   282  05EC  0BF5               	decfsz	??_main+1,f
   283  05ED  2DEA               	goto	u47
   284                           
   285                           ;pwm_main.c: 36: dash();
   286  05EE  258F               	fcall	_dash
   287                           
   288                           ;pwm_main.c: 37: _delay((unsigned long)((150)*(4000000/4000.0)));
   289  05EF  30C3               	movlw	195
   290  05F0  00F5               	movwf	??_main+1
   291  05F1  30CD               	movlw	205
   292  05F2  00F4               	movwf	??_main
   293  05F3                     u57:	
   294  05F3  0BF4               	decfsz	??_main,f
   295  05F4  2DF3               	goto	u57
   296  05F5  0BF5               	decfsz	??_main+1,f
   297  05F6  2DF3               	goto	u57
   298                           
   299                           ;pwm_main.c: 38: dot();
   300  05F7  25A0               	fcall	_dot
   301                           
   302                           ;pwm_main.c: 42: _delay((unsigned long)((300)*(4000000/4000.0)));
   303  05F8  3002               	movlw	2
   304  05F9  00F6               	movwf	??_main+2
   305  05FA  3086               	movlw	134
   306  05FB  00F5               	movwf	??_main+1
   307  05FC  3099               	movlw	153
   308  05FD  00F4               	movwf	??_main
   309  05FE                     u67:	
   310  05FE  0BF4               	decfsz	??_main,f
   311  05FF  2DFE               	goto	u67
   312  0600  0BF5               	decfsz	??_main+1,f
   313  0601  2DFE               	goto	u67
   314  0602  0BF6               	decfsz	??_main+2,f
   315  0603  2DFE               	goto	u67
   316                           
   317                           ;pwm_main.c: 46: dash();
   318  0604  258F               	fcall	_dash
   319                           
   320                           ;pwm_main.c: 47: _delay((unsigned long)((150)*(4000000/4000.0)));
   321  0605  30C3               	movlw	195
   322  0606  00F5               	movwf	??_main+1
   323  0607  30CD               	movlw	205
   324  0608  00F4               	movwf	??_main
   325  0609                     u77:	
   326  0609  0BF4               	decfsz	??_main,f
   327  060A  2E09               	goto	u77
   328  060B  0BF5               	decfsz	??_main+1,f
   329  060C  2E09               	goto	u77
   330                           
   331                           ;pwm_main.c: 48: dash();
   332  060D  258F               	fcall	_dash
   333                           
   334                           ;pwm_main.c: 49: _delay((unsigned long)((150)*(4000000/4000.0)));
   335  060E  30C3               	movlw	195
   336  060F  00F5               	movwf	??_main+1
   337  0610  30CD               	movlw	205
   338  0611  00F4               	movwf	??_main
   339  0612                     u87:	
   340  0612  0BF4               	decfsz	??_main,f
   341  0613  2E12               	goto	u87
   342  0614  0BF5               	decfsz	??_main+1,f
   343  0615  2E12               	goto	u87
   344                           
   345                           ;pwm_main.c: 50: dot();
   346  0616  25A0               	fcall	_dot
   347                           
   348                           ;pwm_main.c: 51: _delay((unsigned long)((150)*(4000000/4000.0)));
   349  0617  30C3               	movlw	195
   350  0618  00F5               	movwf	??_main+1
   351  0619  30CD               	movlw	205
   352  061A  00F4               	movwf	??_main
   353  061B                     u97:	
   354  061B  0BF4               	decfsz	??_main,f
   355  061C  2E1B               	goto	u97
   356  061D  0BF5               	decfsz	??_main+1,f
   357  061E  2E1B               	goto	u97
   358                           
   359                           ;pwm_main.c: 52: dash();
   360  061F  258F               	fcall	_dash
   361                           
   362                           ;pwm_main.c: 55: _delay((unsigned long)((300)*(4000000/4000.0)));
   363  0620  3002               	movlw	2
   364  0621  00F6               	movwf	??_main+2
   365  0622  3086               	movlw	134
   366  0623  00F5               	movwf	??_main+1
   367  0624  3099               	movlw	153
   368  0625  00F4               	movwf	??_main
   369  0626                     u107:	
   370  0626  0BF4               	decfsz	??_main,f
   371  0627  2E26               	goto	u107
   372  0628  0BF5               	decfsz	??_main+1,f
   373  0629  2E26               	goto	u107
   374  062A  0BF6               	decfsz	??_main+2,f
   375  062B  2E26               	goto	u107
   376                           
   377                           ;pwm_main.c: 61: dash();
   378  062C  258F               	fcall	_dash
   379                           
   380                           ;pwm_main.c: 62: _delay((unsigned long)((150)*(4000000/4000.0)));
   381  062D  30C3               	movlw	195
   382  062E  00F5               	movwf	??_main+1
   383  062F  30CD               	movlw	205
   384  0630  00F4               	movwf	??_main
   385  0631                     u117:	
   386  0631  0BF4               	decfsz	??_main,f
   387  0632  2E31               	goto	u117
   388  0633  0BF5               	decfsz	??_main+1,f
   389  0634  2E31               	goto	u117
   390                           
   391                           ;pwm_main.c: 63: dot();
   392  0635  25A0               	fcall	_dot
   393                           
   394                           ;pwm_main.c: 64: _delay((unsigned long)((150)*(4000000/4000.0)));
   395  0636  30C3               	movlw	195
   396  0637  00F5               	movwf	??_main+1
   397  0638  30CD               	movlw	205
   398  0639  00F4               	movwf	??_main
   399  063A                     u127:	
   400  063A  0BF4               	decfsz	??_main,f
   401  063B  2E3A               	goto	u127
   402  063C  0BF5               	decfsz	??_main+1,f
   403  063D  2E3A               	goto	u127
   404                           
   405                           ;pwm_main.c: 65: dash();
   406  063E  258F               	fcall	_dash
   407                           
   408                           ;pwm_main.c: 66: _delay((unsigned long)((150)*(4000000/4000.0)));
   409  063F  30C3               	movlw	195
   410  0640  00F5               	movwf	??_main+1
   411  0641  30CD               	movlw	205
   412  0642  00F4               	movwf	??_main
   413  0643                     u137:	
   414  0643  0BF4               	decfsz	??_main,f
   415  0644  2E43               	goto	u137
   416  0645  0BF5               	decfsz	??_main+1,f
   417  0646  2E43               	goto	u137
   418                           
   419                           ;pwm_main.c: 67: dot();
   420  0647  25A0               	fcall	_dot
   421                           
   422                           ;pwm_main.c: 71: _delay((unsigned long)((300)*(4000000/4000.0)));
   423  0648  3002               	movlw	2
   424  0649  00F6               	movwf	??_main+2
   425  064A  3086               	movlw	134
   426  064B  00F5               	movwf	??_main+1
   427  064C  3099               	movlw	153
   428  064D  00F4               	movwf	??_main
   429  064E                     u147:	
   430  064E  0BF4               	decfsz	??_main,f
   431  064F  2E4E               	goto	u147
   432  0650  0BF5               	decfsz	??_main+1,f
   433  0651  2E4E               	goto	u147
   434  0652  0BF6               	decfsz	??_main+2,f
   435  0653  2E4E               	goto	u147
   436                           
   437                           ;pwm_main.c: 75: dash();
   438  0654  258F               	fcall	_dash
   439                           
   440                           ;pwm_main.c: 76: _delay((unsigned long)((150)*(4000000/4000.0)));
   441  0655  30C3               	movlw	195
   442  0656  00F5               	movwf	??_main+1
   443  0657  30CD               	movlw	205
   444  0658  00F4               	movwf	??_main
   445  0659                     u157:	
   446  0659  0BF4               	decfsz	??_main,f
   447  065A  2E59               	goto	u157
   448  065B  0BF5               	decfsz	??_main+1,f
   449  065C  2E59               	goto	u157
   450                           
   451                           ;pwm_main.c: 77: dash();
   452  065D  258F               	fcall	_dash
   453                           
   454                           ;pwm_main.c: 78: _delay((unsigned long)((150)*(4000000/4000.0)));
   455  065E  30C3               	movlw	195
   456  065F  00F5               	movwf	??_main+1
   457  0660  30CD               	movlw	205
   458  0661  00F4               	movwf	??_main
   459  0662                     u167:	
   460  0662  0BF4               	decfsz	??_main,f
   461  0663  2E62               	goto	u167
   462  0664  0BF5               	decfsz	??_main+1,f
   463  0665  2E62               	goto	u167
   464                           
   465                           ;pwm_main.c: 79: dot();
   466  0666  25A0               	fcall	_dot
   467                           
   468                           ;pwm_main.c: 80: _delay((unsigned long)((150)*(4000000/4000.0)));
   469  0667  30C3               	movlw	195
   470  0668  00F5               	movwf	??_main+1
   471  0669  30CD               	movlw	205
   472  066A  00F4               	movwf	??_main
   473  066B                     u177:	
   474  066B  0BF4               	decfsz	??_main,f
   475  066C  2E6B               	goto	u177
   476  066D  0BF5               	decfsz	??_main+1,f
   477  066E  2E6B               	goto	u177
   478                           
   479                           ;pwm_main.c: 81: dash();
   480  066F  258F               	fcall	_dash
   481                           
   482                           ;pwm_main.c: 84: _delay((unsigned long)((300)*(4000000/4000.0)));
   483  0670  3002               	movlw	2
   484  0671  00F6               	movwf	??_main+2
   485  0672  3086               	movlw	134
   486  0673  00F5               	movwf	??_main+1
   487  0674  3099               	movlw	153
   488  0675  00F4               	movwf	??_main
   489  0676                     u187:	
   490  0676  0BF4               	decfsz	??_main,f
   491  0677  2E76               	goto	u187
   492  0678  0BF5               	decfsz	??_main+1,f
   493  0679  2E76               	goto	u187
   494  067A  0BF6               	decfsz	??_main+2,f
   495  067B  2E76               	goto	u187
   496                           
   497                           ;pwm_main.c: 92: dash();
   498  067C  258F               	fcall	_dash
   499                           
   500                           ;pwm_main.c: 93: _delay((unsigned long)((150)*(4000000/4000.0)));
   501  067D  30C3               	movlw	195
   502  067E  00F5               	movwf	??_main+1
   503  067F  30CD               	movlw	205
   504  0680  00F4               	movwf	??_main
   505  0681                     u197:	
   506  0681  0BF4               	decfsz	??_main,f
   507  0682  2E81               	goto	u197
   508  0683  0BF5               	decfsz	??_main+1,f
   509  0684  2E81               	goto	u197
   510                           
   511                           ;pwm_main.c: 94: dot();
   512  0685  25A0               	fcall	_dot
   513                           
   514                           ;pwm_main.c: 95: _delay((unsigned long)((150)*(4000000/4000.0)));
   515  0686  30C3               	movlw	195
   516  0687  00F5               	movwf	??_main+1
   517  0688  30CD               	movlw	205
   518  0689  00F4               	movwf	??_main
   519  068A                     u207:	
   520  068A  0BF4               	decfsz	??_main,f
   521  068B  2E8A               	goto	u207
   522  068C  0BF5               	decfsz	??_main+1,f
   523  068D  2E8A               	goto	u207
   524                           
   525                           ;pwm_main.c: 96: dash();
   526  068E  258F               	fcall	_dash
   527                           
   528                           ;pwm_main.c: 97: _delay((unsigned long)((150)*(4000000/4000.0)));
   529  068F  30C3               	movlw	195
   530  0690  00F5               	movwf	??_main+1
   531  0691  30CD               	movlw	205
   532  0692  00F4               	movwf	??_main
   533  0693                     u217:	
   534  0693  0BF4               	decfsz	??_main,f
   535  0694  2E93               	goto	u217
   536  0695  0BF5               	decfsz	??_main+1,f
   537  0696  2E93               	goto	u217
   538                           
   539                           ;pwm_main.c: 98: dot();
   540  0697  25A0               	fcall	_dot
   541                           
   542                           ;pwm_main.c: 102: _delay((unsigned long)((300)*(4000000/4000.0)));
   543  0698  3002               	movlw	2
   544  0699  00F6               	movwf	??_main+2
   545  069A  3086               	movlw	134
   546  069B  00F5               	movwf	??_main+1
   547  069C  3099               	movlw	153
   548  069D  00F4               	movwf	??_main
   549  069E                     u227:	
   550  069E  0BF4               	decfsz	??_main,f
   551  069F  2E9E               	goto	u227
   552  06A0  0BF5               	decfsz	??_main+1,f
   553  06A1  2E9E               	goto	u227
   554  06A2  0BF6               	decfsz	??_main+2,f
   555  06A3  2E9E               	goto	u227
   556                           
   557                           ;pwm_main.c: 106: dash();
   558  06A4  258F               	fcall	_dash
   559                           
   560                           ;pwm_main.c: 107: _delay((unsigned long)((150)*(4000000/4000.0)));
   561  06A5  30C3               	movlw	195
   562  06A6  00F5               	movwf	??_main+1
   563  06A7  30CD               	movlw	205
   564  06A8  00F4               	movwf	??_main
   565  06A9                     u237:	
   566  06A9  0BF4               	decfsz	??_main,f
   567  06AA  2EA9               	goto	u237
   568  06AB  0BF5               	decfsz	??_main+1,f
   569  06AC  2EA9               	goto	u237
   570                           
   571                           ;pwm_main.c: 108: dash();
   572  06AD  258F               	fcall	_dash
   573                           
   574                           ;pwm_main.c: 109: _delay((unsigned long)((150)*(4000000/4000.0)));
   575  06AE  30C3               	movlw	195
   576  06AF  00F5               	movwf	??_main+1
   577  06B0  30CD               	movlw	205
   578  06B1  00F4               	movwf	??_main
   579  06B2                     u247:	
   580  06B2  0BF4               	decfsz	??_main,f
   581  06B3  2EB2               	goto	u247
   582  06B4  0BF5               	decfsz	??_main+1,f
   583  06B5  2EB2               	goto	u247
   584                           
   585                           ;pwm_main.c: 110: dot();
   586  06B6  25A0               	fcall	_dot
   587                           
   588                           ;pwm_main.c: 111: _delay((unsigned long)((150)*(4000000/4000.0)));
   589  06B7  30C3               	movlw	195
   590  06B8  00F5               	movwf	??_main+1
   591  06B9  30CD               	movlw	205
   592  06BA  00F4               	movwf	??_main
   593  06BB                     u257:	
   594  06BB  0BF4               	decfsz	??_main,f
   595  06BC  2EBB               	goto	u257
   596  06BD  0BF5               	decfsz	??_main+1,f
   597  06BE  2EBB               	goto	u257
   598                           
   599                           ;pwm_main.c: 112: dash();
   600  06BF  258F               	fcall	_dash
   601                           
   602                           ;pwm_main.c: 115: _delay((unsigned long)((300)*(4000000/4000.0)));
   603  06C0  3002               	movlw	2
   604  06C1  00F6               	movwf	??_main+2
   605  06C2  3086               	movlw	134
   606  06C3  00F5               	movwf	??_main+1
   607  06C4  3099               	movlw	153
   608  06C5  00F4               	movwf	??_main
   609  06C6                     u267:	
   610  06C6  0BF4               	decfsz	??_main,f
   611  06C7  2EC6               	goto	u267
   612  06C8  0BF5               	decfsz	??_main+1,f
   613  06C9  2EC6               	goto	u267
   614  06CA  0BF6               	decfsz	??_main+2,f
   615  06CB  2EC6               	goto	u267
   616                           
   617                           ;pwm_main.c: 120: dash();
   618  06CC  258F               	fcall	_dash
   619                           
   620                           ;pwm_main.c: 121: _delay((unsigned long)((150)*(4000000/4000.0))) ;
   621  06CD  30C3               	movlw	195
   622  06CE  00F5               	movwf	??_main+1
   623  06CF  30CD               	movlw	205
   624  06D0  00F4               	movwf	??_main
   625  06D1                     u277:	
   626  06D1  0BF4               	decfsz	??_main,f
   627  06D2  2ED1               	goto	u277
   628  06D3  0BF5               	decfsz	??_main+1,f
   629  06D4  2ED1               	goto	u277
   630                           
   631                           ;pwm_main.c: 122: dot();
   632  06D5  25A0               	fcall	_dot
   633                           
   634                           ;pwm_main.c: 123: _delay((unsigned long)((150)*(4000000/4000.0))) ;
   635  06D6  30C3               	movlw	195
   636  06D7  00F5               	movwf	??_main+1
   637  06D8  30CD               	movlw	205
   638  06D9  00F4               	movwf	??_main
   639  06DA                     u287:	
   640  06DA  0BF4               	decfsz	??_main,f
   641  06DB  2EDA               	goto	u287
   642  06DC  0BF5               	decfsz	??_main+1,f
   643  06DD  2EDA               	goto	u287
   644                           
   645                           ;pwm_main.c: 124: dash();
   646  06DE  258F               	fcall	_dash
   647                           
   648                           ;pwm_main.c: 127: _delay((unsigned long)((300)*(4000000/4000.0))) ;
   649  06DF  3002               	movlw	2
   650  06E0  00F6               	movwf	??_main+2
   651  06E1  3086               	movlw	134
   652  06E2  00F5               	movwf	??_main+1
   653  06E3  3099               	movlw	153
   654  06E4  00F4               	movwf	??_main
   655  06E5                     u297:	
   656  06E5  0BF4               	decfsz	??_main,f
   657  06E6  2EE5               	goto	u297
   658  06E7  0BF5               	decfsz	??_main+1,f
   659  06E8  2EE5               	goto	u297
   660  06E9  0BF6               	decfsz	??_main+2,f
   661  06EA  2EE5               	goto	u297
   662                           
   663                           ;pwm_main.c: 131: dash();
   664  06EB  258F               	fcall	_dash
   665                           
   666                           ;pwm_main.c: 132: _delay((unsigned long)((150)*(4000000/4000.0))) ;
   667  06EC  30C3               	movlw	195
   668  06ED  00F5               	movwf	??_main+1
   669  06EE  30CD               	movlw	205
   670  06EF  00F4               	movwf	??_main
   671  06F0                     u307:	
   672  06F0  0BF4               	decfsz	??_main,f
   673  06F1  2EF0               	goto	u307
   674  06F2  0BF5               	decfsz	??_main+1,f
   675  06F3  2EF0               	goto	u307
   676                           
   677                           ;pwm_main.c: 133: dash();
   678  06F4  258F               	fcall	_dash
   679                           
   680                           ;pwm_main.c: 134: _delay((unsigned long)((150)*(4000000/4000.0))) ;
   681  06F5  30C3               	movlw	195
   682  06F6  00F5               	movwf	??_main+1
   683  06F7  30CD               	movlw	205
   684  06F8  00F4               	movwf	??_main
   685  06F9                     u317:	
   686  06F9  0BF4               	decfsz	??_main,f
   687  06FA  2EF9               	goto	u317
   688  06FB  0BF5               	decfsz	??_main+1,f
   689  06FC  2EF9               	goto	u317
   690                           
   691                           ;pwm_main.c: 135: dot();
   692  06FD  25A0               	fcall	_dot
   693                           
   694                           ;pwm_main.c: 139: _delay((unsigned long)((300)*(4000000/4000.0))) ;
   695  06FE  3002               	movlw	2
   696  06FF  00F6               	movwf	??_main+2
   697  0700  3086               	movlw	134
   698  0701  00F5               	movwf	??_main+1
   699  0702  3099               	movlw	153
   700  0703  00F4               	movwf	??_main
   701  0704                     u327:	
   702  0704  0BF4               	decfsz	??_main,f
   703  0705  2F04               	goto	u327
   704  0706  0BF5               	decfsz	??_main+1,f
   705  0707  2F04               	goto	u327
   706  0708  0BF6               	decfsz	??_main+2,f
   707  0709  2F04               	goto	u327
   708                           
   709                           ;pwm_main.c: 143: dash();
   710  070A  258F               	fcall	_dash
   711                           
   712                           ;pwm_main.c: 144: _delay((unsigned long)((150)*(4000000/4000.0))) ;
   713  070B  30C3               	movlw	195
   714  070C  00F5               	movwf	??_main+1
   715  070D  30CD               	movlw	205
   716  070E  00F4               	movwf	??_main
   717  070F                     u337:	
   718  070F  0BF4               	decfsz	??_main,f
   719  0710  2F0F               	goto	u337
   720  0711  0BF5               	decfsz	??_main+1,f
   721  0712  2F0F               	goto	u337
   722                           
   723                           ;pwm_main.c: 145: dash();
   724  0713  258F               	fcall	_dash
   725                           
   726                           ;pwm_main.c: 146: _delay((unsigned long)((150)*(4000000/4000.0))) ;
   727  0714  30C3               	movlw	195
   728  0715  00F5               	movwf	??_main+1
   729  0716  30CD               	movlw	205
   730  0717  00F4               	movwf	??_main
   731  0718                     u347:	
   732  0718  0BF4               	decfsz	??_main,f
   733  0719  2F18               	goto	u347
   734  071A  0BF5               	decfsz	??_main+1,f
   735  071B  2F18               	goto	u347
   736                           
   737                           ;pwm_main.c: 147: dot();
   738  071C  25A0               	fcall	_dot
   739                           
   740                           ;pwm_main.c: 148: _delay((unsigned long)((150)*(4000000/4000.0))) ;
   741  071D  30C3               	movlw	195
   742  071E  00F5               	movwf	??_main+1
   743  071F  30CD               	movlw	205
   744  0720  00F4               	movwf	??_main
   745  0721                     u357:	
   746  0721  0BF4               	decfsz	??_main,f
   747  0722  2F21               	goto	u357
   748  0723  0BF5               	decfsz	??_main+1,f
   749  0724  2F21               	goto	u357
   750                           
   751                           ;pwm_main.c: 149: dot();
   752  0725  25A0               	fcall	_dot
   753                           
   754                           ;pwm_main.c: 150: _delay((unsigned long)((150)*(4000000/4000.0))) ;
   755  0726  30C3               	movlw	195
   756  0727  00F5               	movwf	??_main+1
   757  0728  30CD               	movlw	205
   758  0729  00F4               	movwf	??_main
   759  072A                     u367:	
   760  072A  0BF4               	decfsz	??_main,f
   761  072B  2F2A               	goto	u367
   762  072C  0BF5               	decfsz	??_main+1,f
   763  072D  2F2A               	goto	u367
   764                           
   765                           ;pwm_main.c: 151: dot();
   766  072E  25A0               	fcall	_dot
   767                           
   768                           ;pwm_main.c: 155: _delay((unsigned long)((300)*(4000000/4000.0))) ;
   769  072F  3002               	movlw	2
   770  0730  00F6               	movwf	??_main+2
   771  0731  3086               	movlw	134
   772  0732  00F5               	movwf	??_main+1
   773  0733  3099               	movlw	153
   774  0734  00F4               	movwf	??_main
   775  0735                     u377:	
   776  0735  0BF4               	decfsz	??_main,f
   777  0736  2F35               	goto	u377
   778  0737  0BF5               	decfsz	??_main+1,f
   779  0738  2F35               	goto	u377
   780  0739  0BF6               	decfsz	??_main+2,f
   781  073A  2F35               	goto	u377
   782                           
   783                           ;pwm_main.c: 159: dot();
   784  073B  25A0               	fcall	_dot
   785                           
   786                           ;pwm_main.c: 160: _delay((unsigned long)((150)*(4000000/4000.0))) ;
   787  073C  30C3               	movlw	195
   788  073D  00F5               	movwf	??_main+1
   789  073E  30CD               	movlw	205
   790  073F  00F4               	movwf	??_main
   791  0740                     u387:	
   792  0740  0BF4               	decfsz	??_main,f
   793  0741  2F40               	goto	u387
   794  0742  0BF5               	decfsz	??_main+1,f
   795  0743  2F40               	goto	u387
   796                           
   797                           ;pwm_main.c: 161: dash();
   798  0744  258F               	fcall	_dash
   799                           
   800                           ;pwm_main.c: 162: _delay((unsigned long)((150)*(4000000/4000.0))) ;
   801  0745  30C3               	movlw	195
   802  0746  00F5               	movwf	??_main+1
   803  0747  30CD               	movlw	205
   804  0748  00F4               	movwf	??_main
   805  0749                     u397:	
   806  0749  0BF4               	decfsz	??_main,f
   807  074A  2F49               	goto	u397
   808  074B  0BF5               	decfsz	??_main+1,f
   809  074C  2F49               	goto	u397
   810                           
   811                           ;pwm_main.c: 163: dot();
   812  074D  25A0               	fcall	_dot
   813                           
   814                           ;pwm_main.c: 166: _delay((unsigned long)((300)*(4000000/4000.0))) ;
   815  074E  3002               	movlw	2
   816  074F  00F6               	movwf	??_main+2
   817  0750  3086               	movlw	134
   818  0751  00F5               	movwf	??_main+1
   819  0752  3099               	movlw	153
   820  0753  00F4               	movwf	??_main
   821  0754                     u407:	
   822  0754  0BF4               	decfsz	??_main,f
   823  0755  2F54               	goto	u407
   824  0756  0BF5               	decfsz	??_main+1,f
   825  0757  2F54               	goto	u407
   826  0758  0BF6               	decfsz	??_main+2,f
   827  0759  2F54               	goto	u407
   828                           
   829                           ;pwm_main.c: 169: dash();
   830  075A  258F               	fcall	_dash
   831                           
   832                           ;pwm_main.c: 170: _delay((unsigned long)((150)*(4000000/4000.0))) ;
   833  075B  30C3               	movlw	195
   834  075C  00F5               	movwf	??_main+1
   835  075D  30CD               	movlw	205
   836  075E  00F4               	movwf	??_main
   837  075F                     u417:	
   838  075F  0BF4               	decfsz	??_main,f
   839  0760  2F5F               	goto	u417
   840  0761  0BF5               	decfsz	??_main+1,f
   841  0762  2F5F               	goto	u417
   842                           
   843                           ;pwm_main.c: 171: dot();
   844  0763  25A0               	fcall	_dot
   845                           
   846                           ;pwm_main.c: 173: _delay((unsigned long)((300)*(4000000/4000.0))) ;
   847  0764  3002               	movlw	2
   848  0765  00F6               	movwf	??_main+2
   849  0766  3086               	movlw	134
   850  0767  00F5               	movwf	??_main+1
   851  0768  3099               	movlw	153
   852  0769  00F4               	movwf	??_main
   853  076A                     u427:	
   854  076A  0BF4               	decfsz	??_main,f
   855  076B  2F6A               	goto	u427
   856  076C  0BF5               	decfsz	??_main+1,f
   857  076D  2F6A               	goto	u427
   858  076E  0BF6               	decfsz	??_main+2,f
   859  076F  2F6A               	goto	u427
   860                           
   861                           ;pwm_main.c: 176: dash();
   862  0770  258F               	fcall	_dash
   863                           
   864                           ;pwm_main.c: 177: _delay((unsigned long)((150)*(4000000/4000.0))) ;
   865  0771  30C3               	movlw	195
   866  0772  00F5               	movwf	??_main+1
   867  0773  30CD               	movlw	205
   868  0774  00F4               	movwf	??_main
   869  0775                     u437:	
   870  0775  0BF4               	decfsz	??_main,f
   871  0776  2F75               	goto	u437
   872  0777  0BF5               	decfsz	??_main+1,f
   873  0778  2F75               	goto	u437
   874                           
   875                           ;pwm_main.c: 178: dash();
   876  0779  258F               	fcall	_dash
   877                           
   878                           ;pwm_main.c: 182: _delay((unsigned long)((300)*(4000000/4000.0))) ;
   879  077A  3002               	movlw	2
   880  077B  00F6               	movwf	??_main+2
   881  077C  3086               	movlw	134
   882  077D  00F5               	movwf	??_main+1
   883  077E  3099               	movlw	153
   884  077F  00F4               	movwf	??_main
   885  0780                     u447:	
   886  0780  0BF4               	decfsz	??_main,f
   887  0781  2F80               	goto	u447
   888  0782  0BF5               	decfsz	??_main+1,f
   889  0783  2F80               	goto	u447
   890  0784  0BF6               	decfsz	??_main+2,f
   891  0785  2F80               	goto	u447
   892                           
   893                           ;pwm_main.c: 184: dot();
   894  0786  25A0               	fcall	_dot
   895                           
   896                           ;pwm_main.c: 185: _delay((unsigned long)((150)*(4000000/4000.0)));
   897  0787  30C3               	movlw	195
   898  0788  00F5               	movwf	??_main+1
   899  0789  30CD               	movlw	205
   900  078A  00F4               	movwf	??_main
   901  078B                     u457:	
   902  078B  0BF4               	decfsz	??_main,f
   903  078C  2F8B               	goto	u457
   904  078D  0BF5               	decfsz	??_main+1,f
   905  078E  2F8B               	goto	u457
   906                           
   907                           ;pwm_main.c: 186: dash();
   908  078F  258F               	fcall	_dash
   909                           
   910                           ;pwm_main.c: 187: _delay((unsigned long)((150)*(4000000/4000.0)));
   911  0790  30C3               	movlw	195
   912  0791  00F5               	movwf	??_main+1
   913  0792  30CD               	movlw	205
   914  0793  00F4               	movwf	??_main
   915  0794                     u467:	
   916  0794  0BF4               	decfsz	??_main,f
   917  0795  2F94               	goto	u467
   918  0796  0BF5               	decfsz	??_main+1,f
   919  0797  2F94               	goto	u467
   920                           
   921                           ;pwm_main.c: 188: dash();
   922  0798  258F               	fcall	_dash
   923                           
   924                           ;pwm_main.c: 189: _delay((unsigned long)((150)*(4000000/4000.0)));
   925  0799  30C3               	movlw	195
   926  079A  00F5               	movwf	??_main+1
   927  079B  30CD               	movlw	205
   928  079C  00F4               	movwf	??_main
   929  079D                     u477:	
   930  079D  0BF4               	decfsz	??_main,f
   931  079E  2F9D               	goto	u477
   932  079F  0BF5               	decfsz	??_main+1,f
   933  07A0  2F9D               	goto	u477
   934                           
   935                           ;pwm_main.c: 190: dot();
   936  07A1  25A0               	fcall	_dot
   937                           
   938                           ;pwm_main.c: 197: _delay((unsigned long)((300)*(4000000/4000.0))) ;
   939  07A2  3002               	movlw	2
   940  07A3  00F6               	movwf	??_main+2
   941  07A4  3086               	movlw	134
   942  07A5  00F5               	movwf	??_main+1
   943  07A6  3099               	movlw	153
   944  07A7  00F4               	movwf	??_main
   945  07A8                     u487:	
   946  07A8  0BF4               	decfsz	??_main,f
   947  07A9  2FA8               	goto	u487
   948  07AA  0BF5               	decfsz	??_main+1,f
   949  07AB  2FA8               	goto	u487
   950  07AC  0BF6               	decfsz	??_main+2,f
   951  07AD  2FA8               	goto	u487
   952                           
   953                           ;pwm_main.c: 199: dot();
   954  07AE  25A0               	fcall	_dot
   955                           
   956                           ;pwm_main.c: 200: _delay((unsigned long)((150)*(4000000/4000.0))) ;
   957  07AF  30C3               	movlw	195
   958  07B0  00F5               	movwf	??_main+1
   959  07B1  30CD               	movlw	205
   960  07B2  00F4               	movwf	??_main
   961  07B3                     u497:	
   962  07B3  0BF4               	decfsz	??_main,f
   963  07B4  2FB3               	goto	u497
   964  07B5  0BF5               	decfsz	??_main+1,f
   965  07B6  2FB3               	goto	u497
   966                           
   967                           ;pwm_main.c: 201: dot();
   968  07B7  25A0               	fcall	_dot
   969                           
   970                           ;pwm_main.c: 202: _delay((unsigned long)((150)*(4000000/4000.0)));
   971  07B8  30C3               	movlw	195
   972  07B9  00F5               	movwf	??_main+1
   973  07BA  30CD               	movlw	205
   974  07BB  00F4               	movwf	??_main
   975  07BC                     u507:	
   976  07BC  0BF4               	decfsz	??_main,f
   977  07BD  2FBC               	goto	u507
   978  07BE  0BF5               	decfsz	??_main+1,f
   979  07BF  2FBC               	goto	u507
   980                           
   981                           ;pwm_main.c: 203: dot();
   982  07C0  25A0               	fcall	_dot
   983                           
   984                           ;pwm_main.c: 205: _delay((unsigned long)((300)*(4000000/4000.0))) ;
   985  07C1  3002               	movlw	2
   986  07C2  00F6               	movwf	??_main+2
   987  07C3  3086               	movlw	134
   988  07C4  00F5               	movwf	??_main+1
   989  07C5  3099               	movlw	153
   990  07C6  00F4               	movwf	??_main
   991  07C7                     u517:	
   992  07C7  0BF4               	decfsz	??_main,f
   993  07C8  2FC7               	goto	u517
   994  07C9  0BF5               	decfsz	??_main+1,f
   995  07CA  2FC7               	goto	u517
   996  07CB  0BF6               	decfsz	??_main+2,f
   997  07CC  2FC7               	goto	u517
   998                           
   999                           ;pwm_main.c: 207: dot();
  1000  07CD  25A0               	fcall	_dot
  1001                           
  1002                           ;pwm_main.c: 209: _delay((unsigned long)((300)*(4000000/4000.0))) ;
  1003  07CE  3002               	movlw	2
  1004  07CF  00F6               	movwf	??_main+2
  1005  07D0  3086               	movlw	134
  1006  07D1  00F5               	movwf	??_main+1
  1007  07D2  3099               	movlw	153
  1008  07D3  00F4               	movwf	??_main
  1009  07D4                     u527:	
  1010  07D4  0BF4               	decfsz	??_main,f
  1011  07D5  2FD4               	goto	u527
  1012  07D6  0BF5               	decfsz	??_main+1,f
  1013  07D7  2FD4               	goto	u527
  1014  07D8  0BF6               	decfsz	??_main+2,f
  1015  07D9  2FD4               	goto	u527
  1016                           
  1017                           ;pwm_main.c: 211: dash();
  1018  07DA  258F               	fcall	_dash
  1019                           
  1020                           ;pwm_main.c: 212: _delay((unsigned long)((150)*(4000000/4000.0))) ;
  1021  07DB  30C3               	movlw	195
  1022  07DC  00F5               	movwf	??_main+1
  1023  07DD  30CD               	movlw	205
  1024  07DE  00F4               	movwf	??_main
  1025  07DF                     u537:	
  1026  07DF  0BF4               	decfsz	??_main,f
  1027  07E0  2FDF               	goto	u537
  1028  07E1  0BF5               	decfsz	??_main+1,f
  1029  07E2  2FDF               	goto	u537
  1030                           
  1031                           ;pwm_main.c: 213: dot();
  1032  07E3  25A0               	fcall	_dot
  1033                           
  1034                           ;pwm_main.c: 214: _delay((unsigned long)((150)*(4000000/4000.0))) ;
  1035  07E4  30C3               	movlw	195
  1036  07E5  00F5               	movwf	??_main+1
  1037  07E6  30CD               	movlw	205
  1038  07E7  00F4               	movwf	??_main
  1039  07E8                     u547:	
  1040  07E8  0BF4               	decfsz	??_main,f
  1041  07E9  2FE8               	goto	u547
  1042  07EA  0BF5               	decfsz	??_main+1,f
  1043  07EB  2FE8               	goto	u547
  1044                           
  1045                           ;pwm_main.c: 215: dash();
  1046  07EC  258F               	fcall	_dash
  1047                           
  1048                           ;pwm_main.c: 218: PORTBbits.RB0=0;
  1049  07ED  1283               	bcf	3,5	;RP0=0, select bank0
  1050  07EE  1303               	bcf	3,6	;RP1=0, select bank0
  1051  07EF  1006               	bcf	6,0	;volatile
  1052                           
  1053                           ;pwm_main.c: 219: _delay((unsigned long)((15000)*(4000000/4000.0))) ;
  1054  07F0  304D               	movlw	77
  1055  07F1  00F6               	movwf	??_main+2
  1056  07F2  3019               	movlw	25
  1057  07F3  00F5               	movwf	??_main+1
  1058  07F4  304F               	movlw	79
  1059  07F5  00F4               	movwf	??_main
  1060  07F6                     u557:	
  1061  07F6  0BF4               	decfsz	??_main,f
  1062  07F7  2FF6               	goto	u557
  1063  07F8  0BF5               	decfsz	??_main+1,f
  1064  07F9  2FF6               	goto	u557
  1065  07FA  0BF6               	decfsz	??_main+2,f
  1066  07FB  2FF6               	goto	u557
  1067  07FC  2FFD               	nop2
  1068  07FD  2DDC               	goto	l19
  1069  07FE                     __end_of_main:	
  1070                           ;pwm_main.c: 220: }
  1071                           ;pwm_main.c: 221: return;
  1072                           
  1073                           
  1074                           	psect	text1
  1075  05A0                     __ptext1:	
  1076 ;; *************** function _dot *****************
  1077 ;; Defined at:
  1078 ;;		line 45 in file "functions.c"
  1079 ;; Parameters:    Size  Location     Type
  1080 ;;		None
  1081 ;; Auto vars:     Size  Location     Type
  1082 ;;		None
  1083 ;; Return value:  Size  Location     Type
  1084 ;;                  1    wreg      void 
  1085 ;; Registers used:
  1086 ;;		wreg, status,2, status,0, pclath, cstack
  1087 ;; Tracked objects:
  1088 ;;		On entry : 0/0
  1089 ;;		On exit  : 0/0
  1090 ;;		Unchanged: 0/0
  1091 ;; Data sizes:     COMMON   BANK0   BANK1   BANK2
  1092 ;;      Params:         0       0       0       0
  1093 ;;      Locals:         0       0       0       0
  1094 ;;      Temps:          2       0       0       0
  1095 ;;      Totals:         2       0       0       0
  1096 ;;Total ram usage:        2 bytes
  1097 ;; Hardware stack levels used:    1
  1098 ;; Hardware stack levels required when called:    1
  1099 ;; This function calls:
  1100 ;;		_generateTone
  1101 ;;		_stopTone
  1102 ;; This function is called by:
  1103 ;;		_main
  1104 ;; This function uses a non-reentrant model
  1105 ;;
  1106                           
  1107                           
  1108                           ;psect for function _dot
  1109  05A0                     _dot:	
  1110                           
  1111                           ;functions.c: 48: generateTone();
  1112                           
  1113                           ;incstack = 0
  1114                           ; Regs used in _dot: [wreg+status,2+status,0+pclath+cstack]
  1115  05A0  2577               	fcall	_generateTone
  1116                           
  1117                           ;functions.c: 49: PORTBbits.RB0=1;
  1118  05A1  1283               	bcf	3,5	;RP0=0, select bank0
  1119  05A2  1303               	bcf	3,6	;RP1=0, select bank0
  1120  05A3  1406               	bsf	6,0	;volatile
  1121                           
  1122                           ;functions.c: 50: _delay((unsigned long)((50)*(4000000/4000.0)));
  1123  05A4  3041               	movlw	65
  1124  05A5  00F1               	movwf	??_dot+1
  1125  05A6  30EE               	movlw	238
  1126  05A7  00F0               	movwf	??_dot
  1127  05A8                     u567:	
  1128  05A8  0BF0               	decfsz	??_dot,f
  1129  05A9  2DA8               	goto	u567
  1130  05AA  0BF1               	decfsz	??_dot+1,f
  1131  05AB  2DA8               	goto	u567
  1132  05AC  0000               	nop
  1133                           
  1134                           ;functions.c: 51: PORTBbits.RB0=0;
  1135  05AD  1283               	bcf	3,5	;RP0=0, select bank0
  1136  05AE  1303               	bcf	3,6	;RP1=0, select bank0
  1137  05AF  1006               	bcf	6,0	;volatile
  1138                           
  1139                           ;functions.c: 52: stopTone();
  1140  05B0  257B               	fcall	_stopTone
  1141  05B1  0008               	return
  1142  05B2                     __end_of_dot:	
  1143                           ;functions.c: 54: return ;
  1144                           
  1145                           
  1146                           	psect	text2
  1147  058F                     __ptext2:	
  1148 ;; *************** function _dash *****************
  1149 ;; Defined at:
  1150 ;;		line 59 in file "functions.c"
  1151 ;; Parameters:    Size  Location     Type
  1152 ;;		None
  1153 ;; Auto vars:     Size  Location     Type
  1154 ;;		None
  1155 ;; Return value:  Size  Location     Type
  1156 ;;                  1    wreg      void 
  1157 ;; Registers used:
  1158 ;;		wreg, status,2, status,0, pclath, cstack
  1159 ;; Tracked objects:
  1160 ;;		On entry : 0/0
  1161 ;;		On exit  : 0/0
  1162 ;;		Unchanged: 0/0
  1163 ;; Data sizes:     COMMON   BANK0   BANK1   BANK2
  1164 ;;      Params:         0       0       0       0
  1165 ;;      Locals:         0       0       0       0
  1166 ;;      Temps:          2       0       0       0
  1167 ;;      Totals:         2       0       0       0
  1168 ;;Total ram usage:        2 bytes
  1169 ;; Hardware stack levels used:    1
  1170 ;; Hardware stack levels required when called:    1
  1171 ;; This function calls:
  1172 ;;		_generateTone
  1173 ;;		_stopTone
  1174 ;; This function is called by:
  1175 ;;		_main
  1176 ;; This function uses a non-reentrant model
  1177 ;;
  1178                           
  1179                           
  1180                           ;psect for function _dash
  1181  058F                     _dash:	
  1182                           
  1183                           ;functions.c: 62: generateTone();
  1184                           
  1185                           ;incstack = 0
  1186                           ; Regs used in _dash: [wreg+status,2+status,0+pclath+cstack]
  1187  058F  2577               	fcall	_generateTone
  1188                           
  1189                           ;functions.c: 63: PORTBbits.RB0=1;
  1190  0590  1283               	bcf	3,5	;RP0=0, select bank0
  1191  0591  1303               	bcf	3,6	;RP1=0, select bank0
  1192  0592  1406               	bsf	6,0	;volatile
  1193                           
  1194                           ;functions.c: 64: _delay((unsigned long)((150)*(4000000/4000.0)));
  1195  0593  30C3               	movlw	195
  1196  0594  00F1               	movwf	??_dash+1
  1197  0595  30CD               	movlw	205
  1198  0596  00F0               	movwf	??_dash
  1199  0597                     u577:	
  1200  0597  0BF0               	decfsz	??_dash,f
  1201  0598  2D97               	goto	u577
  1202  0599  0BF1               	decfsz	??_dash+1,f
  1203  059A  2D97               	goto	u577
  1204                           
  1205                           ;functions.c: 65: PORTBbits.RB0=0;
  1206  059B  1283               	bcf	3,5	;RP0=0, select bank0
  1207  059C  1303               	bcf	3,6	;RP1=0, select bank0
  1208  059D  1006               	bcf	6,0	;volatile
  1209                           
  1210                           ;functions.c: 66: stopTone();
  1211  059E  257B               	fcall	_stopTone
  1212  059F  0008               	return
  1213  05A0                     __end_of_dash:	
  1214                           ;functions.c: 67: return ;
  1215                           
  1216                           
  1217                           	psect	text3
  1218  057B                     __ptext3:	
  1219 ;; *************** function _stopTone *****************
  1220 ;; Defined at:
  1221 ;;		line 29 in file "functions.c"
  1222 ;; Parameters:    Size  Location     Type
  1223 ;;		None
  1224 ;; Auto vars:     Size  Location     Type
  1225 ;;		None
  1226 ;; Return value:  Size  Location     Type
  1227 ;;                  1    wreg      void 
  1228 ;; Registers used:
  1229 ;;		None
  1230 ;; Tracked objects:
  1231 ;;		On entry : 0/0
  1232 ;;		On exit  : 0/0
  1233 ;;		Unchanged: 0/0
  1234 ;; Data sizes:     COMMON   BANK0   BANK1   BANK2
  1235 ;;      Params:         0       0       0       0
  1236 ;;      Locals:         0       0       0       0
  1237 ;;      Temps:          0       0       0       0
  1238 ;;      Totals:         0       0       0       0
  1239 ;;Total ram usage:        0 bytes
  1240 ;; Hardware stack levels used:    1
  1241 ;; This function calls:
  1242 ;;		Nothing
  1243 ;; This function is called by:
  1244 ;;		_dot
  1245 ;;		_dash
  1246 ;; This function uses a non-reentrant model
  1247 ;;
  1248                           
  1249                           
  1250                           ;psect for function _stopTone
  1251  057B                     _stopTone:	
  1252                           
  1253                           ;functions.c: 31: T2CONbits.TMR2ON=0;
  1254                           
  1255                           ;incstack = 0
  1256                           ; Regs used in _stopTone: []
  1257  057B  1283               	bcf	3,5	;RP0=0, select bank0
  1258  057C  1303               	bcf	3,6	;RP1=0, select bank0
  1259  057D  1112               	bcf	18,2	;volatile
  1260  057E  0008               	return
  1261  057F                     __end_of_stopTone:	
  1262                           
  1263                           	psect	text4
  1264  0577                     __ptext4:	
  1265 ;; *************** function _generateTone *****************
  1266 ;; Defined at:
  1267 ;;		line 24 in file "functions.c"
  1268 ;; Parameters:    Size  Location     Type
  1269 ;;		None
  1270 ;; Auto vars:     Size  Location     Type
  1271 ;;		None
  1272 ;; Return value:  Size  Location     Type
  1273 ;;                  1    wreg      void 
  1274 ;; Registers used:
  1275 ;;		None
  1276 ;; Tracked objects:
  1277 ;;		On entry : 0/0
  1278 ;;		On exit  : 0/0
  1279 ;;		Unchanged: 0/0
  1280 ;; Data sizes:     COMMON   BANK0   BANK1   BANK2
  1281 ;;      Params:         0       0       0       0
  1282 ;;      Locals:         0       0       0       0
  1283 ;;      Temps:          0       0       0       0
  1284 ;;      Totals:         0       0       0       0
  1285 ;;Total ram usage:        0 bytes
  1286 ;; Hardware stack levels used:    1
  1287 ;; This function calls:
  1288 ;;		Nothing
  1289 ;; This function is called by:
  1290 ;;		_dot
  1291 ;;		_dash
  1292 ;; This function uses a non-reentrant model
  1293 ;;
  1294                           
  1295                           
  1296                           ;psect for function _generateTone
  1297  0577                     _generateTone:	
  1298                           
  1299                           ;functions.c: 27: T2CONbits.TMR2ON=1;
  1300                           
  1301                           ;incstack = 0
  1302                           ; Regs used in _generateTone: []
  1303  0577  1283               	bcf	3,5	;RP0=0, select bank0
  1304  0578  1303               	bcf	3,6	;RP1=0, select bank0
  1305  0579  1512               	bsf	18,2	;volatile
  1306  057A  0008               	return
  1307  057B                     __end_of_generateTone:	
  1308                           
  1309                           	psect	text5
  1310  05B2                     __ptext5:	
  1311 ;; *************** function _SetPWMDutyCycle *****************
  1312 ;; Defined at:
  1313 ;;		line 33 in file "functions.c"
  1314 ;; Parameters:    Size  Location     Type
  1315 ;;  DutyCycle       2    0[COMMON] unsigned int 
  1316 ;; Auto vars:     Size  Location     Type
  1317 ;;		None
  1318 ;; Return value:  Size  Location     Type
  1319 ;;                  1    wreg      void 
  1320 ;; Registers used:
  1321 ;;		wreg, status,2, status,0
  1322 ;; Tracked objects:
  1323 ;;		On entry : 0/0
  1324 ;;		On exit  : 0/0
  1325 ;;		Unchanged: 0/0
  1326 ;; Data sizes:     COMMON   BANK0   BANK1   BANK2
  1327 ;;      Params:         2       0       0       0
  1328 ;;      Locals:         0       0       0       0
  1329 ;;      Temps:          2       0       0       0
  1330 ;;      Totals:         4       0       0       0
  1331 ;;Total ram usage:        4 bytes
  1332 ;; Hardware stack levels used:    1
  1333 ;; This function calls:
  1334 ;;		Nothing
  1335 ;; This function is called by:
  1336 ;;		_main
  1337 ;; This function uses a non-reentrant model
  1338 ;;
  1339                           
  1340                           
  1341                           ;psect for function _SetPWMDutyCycle
  1342  05B2                     _SetPWMDutyCycle:	
  1343                           
  1344                           ;functions.c: 36: CCPR1L=DutyCycle>>2;
  1345                           
  1346                           ;incstack = 0
  1347                           ; Regs used in _SetPWMDutyCycle: [wreg+status,2+status,0]
  1348  05B2  0871               	movf	SetPWMDutyCycle@DutyCycle+1,w
  1349  05B3  00F3               	movwf	??_SetPWMDutyCycle+1
  1350  05B4  0870               	movf	SetPWMDutyCycle@DutyCycle,w
  1351  05B5  00F2               	movwf	??_SetPWMDutyCycle
  1352  05B6  1003               	clrc
  1353  05B7  0CF3               	rrf	??_SetPWMDutyCycle+1,f
  1354  05B8  0CF2               	rrf	??_SetPWMDutyCycle,f
  1355  05B9  1003               	clrc
  1356  05BA  0CF3               	rrf	??_SetPWMDutyCycle+1,f
  1357  05BB  0CF2               	rrf	??_SetPWMDutyCycle,f
  1358  05BC  0872               	movf	??_SetPWMDutyCycle,w
  1359  05BD  1283               	bcf	3,5	;RP0=0, select bank0
  1360  05BE  1303               	bcf	3,6	;RP1=0, select bank0
  1361  05BF  0095               	movwf	21	;volatile
  1362                           
  1363                           ;functions.c: 37: CCP1CON&=0xCF;
  1364  05C0  30CF               	movlw	207
  1365  05C1  00F2               	movwf	??_SetPWMDutyCycle
  1366  05C2  0872               	movf	??_SetPWMDutyCycle,w
  1367  05C3  0597               	andwf	23,f	;volatile
  1368                           
  1369                           ;functions.c: 38: CCP1CON|=(0x30&(DutyCycle<<4));
  1370  05C4  0870               	movf	SetPWMDutyCycle@DutyCycle,w
  1371  05C5  00F2               	movwf	??_SetPWMDutyCycle
  1372  05C6  3003               	movlw	3
  1373  05C7                     u25:	
  1374  05C7  1003               	clrc
  1375  05C8  0DF2               	rlf	??_SetPWMDutyCycle,f
  1376  05C9  3EFF               	addlw	-1
  1377  05CA  1D03               	skipz
  1378  05CB  2DC7               	goto	u25
  1379  05CC  1003               	clrc
  1380  05CD  0D72               	rlf	??_SetPWMDutyCycle,w
  1381  05CE  3930               	andlw	48
  1382  05CF  00F3               	movwf	??_SetPWMDutyCycle+1
  1383  05D0  0873               	movf	??_SetPWMDutyCycle+1,w
  1384  05D1  0497               	iorwf	23,f	;volatile
  1385  05D2  0008               	return
  1386  05D3                     __end_of_SetPWMDutyCycle:	
  1387                           
  1388                           	psect	text6
  1389  057F                     __ptext6:	
  1390 ;; *************** function _InitPWM *****************
  1391 ;; Defined at:
  1392 ;;		line 11 in file "functions.c"
  1393 ;; Parameters:    Size  Location     Type
  1394 ;;		None
  1395 ;; Auto vars:     Size  Location     Type
  1396 ;;		None
  1397 ;; Return value:  Size  Location     Type
  1398 ;;                  1    wreg      void 
  1399 ;; Registers used:
  1400 ;;		wreg
  1401 ;; Tracked objects:
  1402 ;;		On entry : 0/0
  1403 ;;		On exit  : 0/0
  1404 ;;		Unchanged: 0/0
  1405 ;; Data sizes:     COMMON   BANK0   BANK1   BANK2
  1406 ;;      Params:         0       0       0       0
  1407 ;;      Locals:         0       0       0       0
  1408 ;;      Temps:          0       0       0       0
  1409 ;;      Totals:         0       0       0       0
  1410 ;;Total ram usage:        0 bytes
  1411 ;; Hardware stack levels used:    1
  1412 ;; This function calls:
  1413 ;;		Nothing
  1414 ;; This function is called by:
  1415 ;;		_main
  1416 ;; This function uses a non-reentrant model
  1417 ;;
  1418                           
  1419                           
  1420                           ;psect for function _InitPWM
  1421  057F                     _InitPWM:	
  1422                           
  1423                           ;functions.c: 14: TRISB3=0;
  1424                           
  1425                           ;incstack = 0
  1426                           ; Regs used in _InitPWM: [wreg]
  1427  057F  1683               	bsf	3,5	;RP0=1, select bank1
  1428  0580  1303               	bcf	3,6	;RP1=0, select bank1
  1429  0581  1186               	bcf	6,3	;volatile
  1430                           
  1431                           ;functions.c: 15: CCP1CON=0x0C;
  1432  0582  300C               	movlw	12
  1433  0583  1283               	bcf	3,5	;RP0=0, select bank0
  1434  0584  1303               	bcf	3,6	;RP1=0, select bank0
  1435  0585  0097               	movwf	23	;volatile
  1436                           
  1437                           ;functions.c: 16: PR2=0x5E;
  1438  0586  305E               	movlw	94
  1439  0587  1683               	bsf	3,5	;RP0=1, select bank1
  1440  0588  1303               	bcf	3,6	;RP1=0, select bank1
  1441  0589  0092               	movwf	18	;volatile
  1442                           
  1443                           ;functions.c: 17: T2CONbits.T2CKPS0=1;
  1444  058A  1283               	bcf	3,5	;RP0=0, select bank0
  1445  058B  1303               	bcf	3,6	;RP1=0, select bank0
  1446  058C  1412               	bsf	18,0	;volatile
  1447                           
  1448                           ;functions.c: 18: T2CONbits.T2CKPS1=0;
  1449  058D  1092               	bcf	18,1	;volatile
  1450  058E  0008               	return
  1451  058F                     __end_of_InitPWM:	
  1452  007E                     btemp	set	126	;btemp
  1453  007E                     wtemp0	set	126


Data Sizes:
    Strings     0
    Constant    0
    Data        0
    BSS         0
    Persistent  0
    Stack       0

Auto Spaces:
    Space          Size  Autos    Used
    COMMON           14      7       7
    BANK0            80      0       0
    BANK1            80      0       0
    BANK2            48      0       0

Pointer List with Targets:

    None.

Critical Paths under _main in COMMON

    _main->_SetPWMDutyCycle

Critical Paths under _main in BANK0

    None.

Critical Paths under _main in BANK1

    None.

Critical Paths under _main in BANK2

    None.

Call Graph Tables:

 ---------------------------------------------------------------------------------
 (Depth) Function   	        Calls       Base Space   Used Autos Params    Refs
 ---------------------------------------------------------------------------------
 (0) _main                                                 3     3      0      97
                                              4 COMMON     3     3      0
                            _InitPWM
                    _SetPWMDutyCycle
                               _dash
                                _dot
 ---------------------------------------------------------------------------------
 (1) _dot                                                  2     2      0       0
                                              0 COMMON     2     2      0
                       _generateTone
                           _stopTone
 ---------------------------------------------------------------------------------
 (1) _dash                                                 2     2      0       0
                                              0 COMMON     2     2      0
                       _generateTone
                           _stopTone
 ---------------------------------------------------------------------------------
 (2) _stopTone                                             0     0      0       0
 ---------------------------------------------------------------------------------
 (2) _generateTone                                         0     0      0       0
 ---------------------------------------------------------------------------------
 (1) _SetPWMDutyCycle                                      4     2      2      97
                                              0 COMMON     4     2      2
 ---------------------------------------------------------------------------------
 (1) _InitPWM                                              0     0      0       0
 ---------------------------------------------------------------------------------
 Estimated maximum stack depth 2
 ---------------------------------------------------------------------------------

 Call Graph Graphs:

 _main (ROOT)
   _InitPWM
   _SetPWMDutyCycle
   _dash
     _generateTone
     _stopTone
   _dot
     _generateTone
     _stopTone

 Address spaces:
Name               Size   Autos  Total    Cost      Usage
BITCOMMON            E      0       0       0        0.0%
EEDATA              80      0       0       0        0.0%
NULL                 0      0       0       0        0.0%
CODE                 0      0       0       0        0.0%
COMMON               E      7       7       1       50.0%
BITSFR0              0      0       0       1        0.0%
SFR0                 0      0       0       1        0.0%
BITSFR1              0      0       0       2        0.0%
SFR1                 0      0       0       2        0.0%
STACK                0      0       0       2        0.0%
BANK0               50      0       0       3        0.0%
BITSFR3              0      0       0       4        0.0%
SFR3                 0      0       0       4        0.0%
ABS                  0      0       0       4        0.0%
BITBANK0            50      0       0       5        0.0%
BITSFR2              0      0       0       5        0.0%
SFR2                 0      0       0       5        0.0%
BITBANK1            50      0       0       6        0.0%
BANK1               50      0       0       7        0.0%
BITBANK2            30      0       0       8        0.0%
BANK2               30      0       0       9        0.0%
DATA                 0      0       0      10        0.0%


Microchip Technology PIC Macro Assembler V1.44 build -154322312 
Symbol Table                                                                                   Tue Feb 01 14:12:08 2022

             __CFG_CP$OFF 0000                        l19 05DC                        u25 05C7  
                      u37 05E1                        u47 05EA                        u57 05F3  
                      u67 05FE                        u77 0609                        u87 0612  
                      u97 061B               __CFG_LVP$ON 0000                       u107 0626  
                     u117 0631                       u207 068A                       u127 063A  
                     u217 0693                       u137 0643                       u307 06F0  
                     u227 069E                       u147 064E                       u317 06F9  
                     u237 06A9                       u157 0659                       _PR2 0092  
                     u407 0754                       u327 0704                       u247 06B2  
                     u167 0662                       u417 075F                       u337 070F  
                     u257 06BB                       u177 066B              __CFG_CPD$OFF 0000  
                     u507 07BC                       u427 076A                       u347 0718  
                     u267 06C6                       u187 0676                       u517 07C7  
                     u437 0775                       u357 0721                       u277 06D1  
                     u197 0681                       u527 07D4                       u447 0780  
                     u367 072A                       u287 06DA                       u537 07DF  
                     u457 078B                       u377 0735                       u297 06E5  
                     u547 07E8                       u467 0794                       u387 0740  
                     u557 07F6                       u477 079D                       u397 0749  
                     u567 05A8                       u487 07A8                       u577 0597  
                     u497 07B3                       _dot 05A0              __CFG_FOSC$HS 0000  
          ??_generateTone 0070                      ?_dot 0070                      _dash 058F  
                    _main 05D3                      btemp 007E             __CFG_BOREN$ON 0000  
                    start 0000             __CFG_MCLRE$ON 0000           __end_of_InitPWM 058F  
         _SetPWMDutyCycle 05B2                     ??_dot 0070                     ?_dash 0070  
                   ?_main 0070             __CFG_WDTE$OFF 0000  SetPWMDutyCycle@DutyCycle 0070  
                   status 0003                     wtemp0 007E           __initialization 07FE  
            __end_of_dash 05A0              __end_of_main 07FE                    ??_dash 0070  
                  ??_main 0074                    _CCPR1L 0015                    _TRISB0 0430  
                  _TRISB3 0433                 ??_InitPWM 0070   __end_of_SetPWMDutyCycle 05D3  
          __CFG_PWRTE$OFF 0000      __end_of_generateTone 057B          __end_of_stopTone 057F  
 __end_of__initialization 07FE            __pcstackCOMMON 0070          ?_SetPWMDutyCycle 0070  
              __pmaintext 05D3                   _CCP1CON 0017                   _InitPWM 057F  
   __size_of_generateTone 0004                 ?_stopTone 0070                   __ptext1 05A0  
                 __ptext2 058F                   __ptext3 057B                   __ptext4 0577  
                 __ptext5 05B2                   __ptext6 057F                 _T2CONbits 0012  
            __size_of_dot 0012      end_of_initialization 07FE              _generateTone 0577  
              ??_stopTone 0070                 _PORTBbits 0006       start_initialization 07FE  
             __end_of_dot 05B2                 ___latbits 0000                  ?_InitPWM 0070  
__size_of_SetPWMDutyCycle 0021         __size_of_stopTone 0004          __size_of_InitPWM 0010  
       ??_SetPWMDutyCycle 0072             __size_of_dash 0011             __size_of_main 022B  
                _stopTone 057B             ?_generateTone 0070  
